# JRE version: OpenJDK Runtime Environment (8.0_265-b01) (build 1.8.0_265-b01)
# Java VM: OpenJDK 64-Bit Server VM (25.265-b01 mixed mode bsd-amd64 compressed oops)
Heap:
 PSYoungGen      total 34304K, used 2449K [0x0000000795580000, 0x0000000799280000, 0x00000007c0000000)
  eden space 32768K, 3% used [0x0000000795580000,0x000000079569c3e8,0x0000000797580000)
  from space 1536K, 85% used [0x0000000799100000,0x0000000799248020,0x0000000799280000)
  to   space 10752K, 0% used [0x0000000797d80000,0x0000000797d80000,0x0000000798800000)
 ParOldGen       total 58880K, used 6028K [0x0000000740000000, 0x0000000743980000, 0x0000000795580000)
  object space 58880K, 10% used [0x0000000740000000,0x00000007405e33c0,0x0000000743980000)
 Metaspace       used 23113K, capacity 23556K, committed 23808K, reserved 1071104K
  class space    used 2964K, capacity 3069K, committed 3072K, reserved 1048576K
GC Heap History (10 events):
Event: 9.818 GC heap before
{Heap before GC invocations=3 (full 0):
 PSYoungGen      total 38400K, used 37646K [0x0000000795580000, 0x0000000798000000, 0x00000007c0000000)
  eden space 33280K, 100% used [0x0000000795580000,0x0000000797600000,0x0000000797600000)
  from space 5120K, 85% used [0x0000000797b00000,0x0000000797f43af8,0x0000000798000000)
  to   space 5120K, 0% used [0x0000000797600000,0x0000000797600000,0x0000000797b00000)
 ParOldGen       total 87552K, used 857K [0x0000000740000000, 0x0000000745580000, 0x0000000795580000)
  object space 87552K, 0% used [0x0000000740000000,0x00000007400d64b8,0x0000000745580000)
 Metaspace       used 19190K, capacity 19398K, committed 19712K, reserved 1067008K
  class space    used 2442K, capacity 2522K, committed 2560K, reserved 1048576K
Event: 9.831 GC heap after
Heap after GC invocations=3 (full 0):
 PSYoungGen      total 38400K, used 5101K [0x0000000795580000, 0x0000000798000000, 0x00000007c0000000)
  eden space 33280K, 0% used [0x0000000795580000,0x0000000795580000,0x0000000797600000)
  from space 5120K, 99% used [0x0000000797600000,0x0000000797afb758,0x0000000797b00000)
  to   space 5120K, 0% used [0x0000000797b00000,0x0000000797b00000,0x0000000798000000)
 ParOldGen       total 87552K, used 5514K [0x0000000740000000, 0x0000000745580000, 0x0000000795580000)
  object space 87552K, 6% used [0x0000000740000000,0x0000000740562800,0x0000000745580000)
 Metaspace       used 19190K, capacity 19398K, committed 19712K, reserved 1067008K
  class space    used 2442K, capacity 2522K, committed 2560K, reserved 1048576K
}
Event: 10.558 GC heap before
{Heap before GC invocations=4 (full 0):
 PSYoungGen      total 38400K, used 19223K [0x0000000795580000, 0x0000000798000000, 0x00000007c0000000)
  eden space 33280K, 42% used [0x0000000795580000,0x000000079634a818,0x0000000797600000)
  from space 5120K, 99% used [0x0000000797600000,0x0000000797afb758,0x0000000797b00000)
  to   space 5120K, 0% used [0x0000000797b00000,0x0000000797b00000,0x0000000798000000)
 ParOldGen       total 87552K, used 5514K [0x0000000740000000, 0x0000000745580000, 0x0000000795580000)
  object space 87552K, 6% used [0x0000000740000000,0x0000000740562800,0x0000000745580000)
 Metaspace       used 20844K, capacity 21072K, committed 21248K, reserved 1067008K
  class space    used 2665K, capacity 2727K, committed 2816K, reserved 1048576K
Event: 10.568 GC heap after
Heap after GC invocations=4 (full 0):
 PSYoungGen      total 38400K, used 5117K [0x0000000795580000, 0x0000000798000000, 0x00000007c0000000)
  eden space 33280K, 0% used [0x0000000795580000,0x0000000795580000,0x0000000797600000)
  from space 5120K, 99% used [0x0000000797b00000,0x0000000797fff6f8,0x0000000798000000)
  to   space 5120K, 0% used [0x0000000797600000,0x0000000797600000,0x0000000797b00000)
 ParOldGen       total 87552K, used 6624K [0x0000000740000000, 0x0000000745580000, 0x0000000795580000)
  object space 87552K, 7% used [0x0000000740000000,0x0000000740678048,0x0000000745580000)
 Metaspace       used 20844K, capacity 21072K, committed 21248K, reserved 1067008K
  class space    used 2665K, capacity 2727K, committed 2816K, reserved 1048576K
}
Event: 10.568 GC heap before
{Heap before GC invocations=5 (full 1):
 PSYoungGen      total 38400K, used 5117K [0x0000000795580000, 0x0000000798000000, 0x00000007c0000000)
  eden space 33280K, 0% used [0x0000000795580000,0x0000000795580000,0x0000000797600000)
  from space 5120K, 99% used [0x0000000797b00000,0x0000000797fff6f8,0x0000000798000000)
  to   space 5120K, 0% used [0x0000000797600000,0x0000000797600000,0x0000000797b00000)
 ParOldGen       total 87552K, used 6624K [0x0000000740000000, 0x0000000745580000, 0x0000000795580000)
  object space 87552K, 7% used [0x0000000740000000,0x0000000740678048,0x0000000745580000)
 Metaspace       used 20844K, capacity 21072K, committed 21248K, reserved 1067008K
  class space    used 2665K, capacity 2727K, committed 2816K, reserved 1048576K
Event: 10.629 GC heap after
Heap after GC invocations=5 (full 1):
 PSYoungGen      total 38400K, used 0K [0x0000000795580000, 0x0000000798000000, 0x00000007c0000000)
  eden space 33280K, 0% used [0x0000000795580000,0x0000000795580000,0x0000000797600000)
  from space 5120K, 0% used [0x0000000797b00000,0x0000000797b00000,0x0000000798000000)
  to   space 5120K, 0% used [0x0000000797600000,0x0000000797600000,0x0000000797b00000)
 ParOldGen       total 58880K, used 6012K [0x0000000740000000, 0x0000000743980000, 0x0000000795580000)
  object space 58880K, 10% used [0x0000000740000000,0x00000007405df3c0,0x0000000743980000)
 Metaspace       used 20844K, capacity 21072K, committed 21248K, reserved 1067008K
  class space    used 2665K, capacity 2727K, committed 2816K, reserved 1048576K
}
Event: 127.418 GC heap before
{Heap before GC invocations=6 (full 1):
 PSYoungGen      total 38400K, used 33280K [0x0000000795580000, 0x0000000798000000, 0x00000007c0000000)
  eden space 33280K, 100% used [0x0000000795580000,0x0000000797600000,0x0000000797600000)
  from space 5120K, 0% used [0x0000000797b00000,0x0000000797b00000,0x0000000798000000)
  to   space 5120K, 0% used [0x0000000797600000,0x0000000797600000,0x0000000797b00000)
 ParOldGen       total 58880K, used 6012K [0x0000000740000000, 0x0000000743980000, 0x0000000795580000)
  object space 58880K, 10% used [0x0000000740000000,0x00000007405df3c0,0x0000000743980000)
 Metaspace       used 22844K, capacity 23256K, committed 23552K, reserved 1069056K
  class space    used 2923K, capacity 3025K, committed 3072K, reserved 1048576K
Event: 127.425 GC heap after
Heap after GC invocations=6 (full 1):
 PSYoungGen      total 38400K, used 2322K [0x0000000795580000, 0x0000000799b80000, 0x00000007c0000000)
  eden space 33280K, 0% used [0x0000000795580000,0x0000000795580000,0x0000000797600000)
  from space 5120K, 45% used [0x0000000797600000,0x0000000797844828,0x0000000797b00000)
  to   space 10752K, 0% used [0x0000000799100000,0x0000000799100000,0x0000000799b80000)
 ParOldGen       total 58880K, used 6020K [0x0000000740000000, 0x0000000743980000, 0x0000000795580000)
  object space 58880K, 10% used [0x0000000740000000,0x00000007405e13c0,0x0000000743980000)
 Metaspace       used 22844K, capacity 23256K, committed 23552K, reserved 1069056K
  class space    used 2923K, capacity 3025K, committed 3072K, reserved 1048576K
}
Event: 1042.653 GC heap before
{Heap before GC invocations=7 (full 1):
 PSYoungGen      total 38400K, used 35602K [0x0000000795580000, 0x0000000799b80000, 0x00000007c0000000)
  eden space 33280K, 100% used [0x0000000795580000,0x0000000797600000,0x0000000797600000)
  from space 5120K, 45% used [0x0000000797600000,0x0000000797844828,0x0000000797b00000)
  to   space 10752K, 0% used [0x0000000799100000,0x0000000799100000,0x0000000799b80000)
 ParOldGen       total 58880K, used 6020K [0x0000000740000000, 0x0000000743980000, 0x0000000795580000)
  object space 58880K, 10% used [0x0000000740000000,0x00000007405e13c0,0x0000000743980000)
 Metaspace       used 23095K, capacity 23556K, committed 23808K, reserved 1071104K
  class space    used 2964K, capacity 3069K, committed 3072K, reserved 1048576K
Event: 1042.682 GC heap after
Heap after GC invocations=7 (full 1):
 PSYoungGen      total 34304K, used 1312K [0x0000000795580000, 0x0000000799280000, 0x00000007c0000000)
  eden space 32768K, 0% used [0x0000000795580000,0x0000000795580000,0x0000000797580000)
  from space 1536K, 85% used [0x0000000799100000,0x0000000799248020,0x0000000799280000)
  to   space 10752K, 0% used [0x0000000797d80000,0x0000000797d80000,0x0000000798800000)
 ParOldGen       total 58880K, used 6028K [0x0000000740000000, 0x0000000743980000, 0x0000000795580000)
  object space 58880K, 10% used [0x0000000740000000,0x00000007405e33c0,0x0000000743980000)
 Metaspace       used 23095K, capacity 23556K, committed 23808K, reserved 1071104K
  class space    used 2964K, capacity 3069K, committed 3072K, reserved 1048576K
}

